# JRE version: 7.0_25-b15
# Java VM: Java HotSpot(TM) 64-Bit Server VM (23.25-b01 mixed mode linux-amd64 compressed oops)
Heap
 PSYoungGen      total 70976K, used 44168K [0x00000000f0600000, 0x00000000f50a0000, 0x0000000100000000)
  eden space 65536K, 62% used [0x00000000f0600000,0x00000000f2e1ad18,0x00000000f4600000)
  from space 5440K, 57% used [0x00000000f4b50000,0x00000000f4e57490,0x00000000f50a0000)
  to   space 5440K, 0% used [0x00000000f4600000,0x00000000f4600000,0x00000000f4b50000)
 ParOldGen       total 87424K, used 16K [0x00000000d1200000, 0x00000000d6760000, 0x00000000f0600000)
  object space 87424K, 0% used [0x00000000d1200000,0x00000000d1204000,0x00000000d6760000)
 PSPermGen       total 21248K, used 18942K [0x00000000bb400000, 0x00000000bc8c0000, 0x00000000d1200000)
  object space 21248K, 89% used [0x00000000bb400000,0x00000000bc67fbb0,0x00000000bc8c0000)
GC Heap History (4 events):
Event: 0,473 GC heap before
{Heap before GC invocations=1 (full 0):
 PSYoungGen      total 38208K, used 32768K [0x00000000f0600000, 0x00000000f30a0000, 0x0000000100000000)
  eden space 32768K, 100% used [0x00000000f0600000,0x00000000f2600000,0x00000000f2600000)
  from space 5440K, 0% used [0x00000000f2b50000,0x00000000f2b50000,0x00000000f30a0000)
  to   space 5440K, 0% used [0x00000000f2600000,0x00000000f2600000,0x00000000f2b50000)
 ParOldGen       total 87424K, used 0K [0x00000000d1200000, 0x00000000d6760000, 0x00000000f0600000)
  object space 87424K, 0% used [0x00000000d1200000,0x00000000d1200000,0x00000000d6760000)
 PSPermGen       total 21248K, used 4678K [0x00000000bb400000, 0x00000000bc8c0000, 0x00000000d1200000)
  object space 21248K, 22% used [0x00000000bb400000,0x00000000bb891ad8,0x00000000bc8c0000)
Event: 0,479 GC heap after
Heap after GC invocations=1 (full 0):
 PSYoungGen      total 38208K, used 4331K [0x00000000f0600000, 0x00000000f50a0000, 0x0000000100000000)
  eden space 32768K, 0% used [0x00000000f0600000,0x00000000f0600000,0x00000000f2600000)
  from space 5440K, 79% used [0x00000000f2600000,0x00000000f2a3af98,0x00000000f2b50000)
  to   space 5440K, 0% used [0x00000000f4b50000,0x00000000f4b50000,0x00000000f50a0000)
 ParOldGen       total 87424K, used 8K [0x00000000d1200000, 0x00000000d6760000, 0x00000000f0600000)
  object space 87424K, 0% used [0x00000000d1200000,0x00000000d1202000,0x00000000d6760000)
 PSPermGen       total 21248K, used 4678K [0x00000000bb400000, 0x00000000bc8c0000, 0x00000000d1200000)
  object space 21248K, 22% used [0x00000000bb400000,0x00000000bb891ad8,0x00000000bc8c0000)
}
Event: 0,998 GC heap before
{Heap before GC invocations=2 (full 0):
 PSYoungGen      total 38208K, used 37099K [0x00000000f0600000, 0x00000000f50a0000, 0x0000000100000000)
  eden space 32768K, 100% used [0x00000000f0600000,0x00000000f2600000,0x00000000f2600000)
  from space 5440K, 79% used [0x00000000f2600000,0x00000000f2a3af98,0x00000000f2b50000)
  to   space 5440K, 0% used [0x00000000f4b50000,0x00000000f4b50000,0x00000000f50a0000)
 ParOldGen       total 87424K, used 8K [0x00000000d1200000, 0x00000000d6760000, 0x00000000f0600000)
  object space 87424K, 0% used [0x00000000d1200000,0x00000000d1202000,0x00000000d6760000)
 PSPermGen       total 21248K, used 12132K [0x00000000bb400000, 0x00000000bc8c0000, 0x00000000d1200000)
  object space 21248K, 57% used [0x00000000bb400000,0x00000000bbfd90d8,0x00000000bc8c0000)
Event: 1,003 GC heap after
Heap after GC invocations=2 (full 0):
 PSYoungGen      total 70976K, used 3101K [0x00000000f0600000, 0x00000000f50a0000, 0x0000000100000000)
  eden space 65536K, 0% used [0x00000000f0600000,0x00000000f0600000,0x00000000f4600000)
  from space 5440K, 57% used [0x00000000f4b50000,0x00000000f4e57490,0x00000000f50a0000)
  to   space 5440K, 0% used [0x00000000f4600000,0x00000000f4600000,0x00000000f4b50000)
 ParOldGen       total 87424K, used 16K [0x00000000d1200000, 0x00000000d6760000, 0x00000000f0600000)
  object space 87424K, 0% used [0x00000000d1200000,0x00000000d1204000,0x00000000d6760000)
 PSPermGen       total 21248K, used 12132K [0x00000000bb400000, 0x00000000bc8c0000, 0x00000000d1200000)
  object space 21248K, 57% used [0x00000000bb400000,0x00000000bbfd90d8,0x00000000bc8c0000)
}

